<?xml version="1.0" encoding="UTF-8"?>
<!-- Generated by org.testng.reporters.JUnitReportReporter -->
<testsuite hostname="WINDOWS-BVQNF6J" failures="0" tests="2" name="com.citi.test.LoginTest" time="17.515" errors="0" timestamp="2023-02-14T13:18:43 IST" skipped="0">
  <testcase classname="com.citi.test.LoginTest" name="invalidLoginTest" time="9.371"/>
  <system-out/>
  <testcase classname="com.citi.test.LoginTest" name="invalidLoginTest" time="8.144"/>
  <system-out/>
</testsuite> <!-- com.citi.test.LoginTest -->
