<?xml version="1.0" encoding="UTF-8"?>
<!-- Generated by org.testng.reporters.JUnitReportReporter -->
<testsuite hostname="WINDOWS-BVQNF6J" failures="0" tests="1" name="com.citi.test.LoginUITest" time="20.773" errors="0" timestamp="2023-02-14T10:59:11 IST" skipped="0">
  <testcase classname="com.citi.test.LoginUITest" name="validateTitleTest" time="20.773"/>
  <system-out/>
</testsuite> <!-- com.citi.test.LoginUITest -->
