<?xml version="1.0" encoding="UTF-8"?>
<!-- Generated by org.testng.reporters.JUnitReportReporter -->
<testsuite hostname="WINDOWS-BVQNF6J" failures="0" tests="3" name="com.citi.test.DemoTest" time="12.815" errors="0" timestamp="2023-02-14T12:08:25 IST" skipped="0">
  <testcase classname="com.citi.test.DemoTest" name="validTest" time="8.118"/>
  <system-out/>
  <testcase classname="com.citi.test.DemoTest" name="validTest" time="0.995"/>
  <system-out/>
  <testcase classname="com.citi.test.DemoTest" name="validTest" time="3.702"/>
  <system-out/>
</testsuite> <!-- com.citi.test.DemoTest -->
